<?xml version="1.0" encoding="UTF-8"?>
<!-- Generated by org.testng.reporters.JUnitXMLReporter -->
<testsuite ignored="0" hostname="SIGU-LE-24-N-23" failures="0" tests="3" name="Test" time="18.385" errors="0" timestamp="2025-01-16T18:19:47 IST">
  <testcase classname="testCase.TC001_AccountRagistrationTest" name="verifyAccountRagistration" time="2.456"/>
  <testcase classname="testCase.TC002_LoginTest" name="verifyLogin" time="1.464"/>
  <testcase classname="testCase.TC003_LoginNegativeTest" name="verifyNegativeLogin" time="1.281"/>
</testsuite> <!-- Test -->
