<?xml version="1.0" encoding="UTF-8"?>
<testng-results ignored="0" total="3" passed="3" failed="0" skipped="0">
  <reporter-output>
  </reporter-output>
  <suite started-at="2025-01-16T18:31:52 IST" name="Suite" finished-at="2025-01-16T18:32:12 IST" duration-ms="20365">
    <groups>
      <group name="Master">
        <method signature="TC001_AccountRagistrationTest.verifyAccountRagistration()[pri:0, instance:testCase.TC001_AccountRagistrationTest@12f9af83]" name="verifyAccountRagistration" class="testCase.TC001_AccountRagistrationTest"/>
        <method signature="TC001_AccountRagistrationTest.verifyAccountRagistration()[pri:0, instance:testCase.TC001_AccountRagistrationTest@25aca718]" name="verifyAccountRagistration" class="testCase.TC001_AccountRagistrationTest"/>
        <method signature="TC001_AccountRagistrationTest.verifyAccountRagistration()[pri:0, instance:testCase.TC001_AccountRagistrationTest@1afdd473]" name="verifyAccountRagistration" class="testCase.TC001_AccountRagistrationTest"/>
      </group> <!-- Master -->
      <group name="Sanity">
        <method signature="TC001_AccountRagistrationTest.verifyAccountRagistration()[pri:0, instance:testCase.TC001_AccountRagistrationTest@12f9af83]" name="verifyAccountRagistration" class="testCase.TC001_AccountRagistrationTest"/>
        <method signature="TC001_AccountRagistrationTest.verifyAccountRagistration()[pri:0, instance:testCase.TC001_AccountRagistrationTest@25aca718]" name="verifyAccountRagistration" class="testCase.TC001_AccountRagistrationTest"/>
        <method signature="TC001_AccountRagistrationTest.verifyAccountRagistration()[pri:0, instance:testCase.TC001_AccountRagistrationTest@1afdd473]" name="verifyAccountRagistration" class="testCase.TC001_AccountRagistrationTest"/>
      </group> <!-- Sanity -->
    </groups>
    <test started-at="2025-01-16T18:31:52 IST" name="edgetest" finished-at="2025-01-16T18:32:09 IST" duration-ms="17050">
      <class name="testCase.TC001_AccountRagistrationTest">
        <test-method is-config="true" signature="setUp(java.lang.String,java.lang.String)[pri:0, instance:testCase.TC001_AccountRagistrationTest@25aca718]" started-at="2025-01-16T18:31:52 IST" name="setUp" finished-at="2025-01-16T18:32:03 IST" duration-ms="11289" status="PASS">
          <params>
            <param index="0">
              <value>
                <![CDATA[window]]>
              </value>
            </param>
            <param index="1">
              <value>
                <![CDATA[edge]]>
              </value>
            </param>
          </params>
          <reporter-output>
          </reporter-output>
        </test-method> <!-- setUp -->
        <test-method signature="verifyAccountRagistration()[pri:0, instance:testCase.TC001_AccountRagistrationTest@25aca718]" started-at="2025-01-16T18:32:03 IST" name="verifyAccountRagistration" finished-at="2025-01-16T18:32:06 IST" duration-ms="3506" status="PASS">
          <reporter-output>
          </reporter-output>
        </test-method> <!-- verifyAccountRagistration -->
        <test-method is-config="true" signature="teardown()[pri:0, instance:testCase.TC001_AccountRagistrationTest@25aca718]" started-at="2025-01-16T18:32:06 IST" name="teardown" finished-at="2025-01-16T18:32:09 IST" duration-ms="2079" status="PASS">
          <reporter-output>
          </reporter-output>
        </test-method> <!-- teardown -->
      </class> <!-- testCase.TC001_AccountRagistrationTest -->
    </test> <!-- edgetest -->
    <test started-at="2025-01-16T18:31:52 IST" name="chrometest" finished-at="2025-01-16T18:32:08 IST" duration-ms="16332">
      <class name="testCase.TC001_AccountRagistrationTest">
        <test-method is-config="true" signature="setUp(java.lang.String,java.lang.String)[pri:0, instance:testCase.TC001_AccountRagistrationTest@12f9af83]" started-at="2025-01-16T18:31:52 IST" name="setUp" finished-at="2025-01-16T18:32:03 IST" duration-ms="11555" status="PASS">
          <params>
            <param index="0">
              <value>
                <![CDATA[window]]>
              </value>
            </param>
            <param index="1">
              <value>
                <![CDATA[chrome]]>
              </value>
            </param>
          </params>
          <reporter-output>
          </reporter-output>
        </test-method> <!-- setUp -->
        <test-method signature="verifyAccountRagistration()[pri:0, instance:testCase.TC001_AccountRagistrationTest@12f9af83]" started-at="2025-01-16T18:32:03 IST" name="verifyAccountRagistration" finished-at="2025-01-16T18:32:07 IST" duration-ms="3665" status="PASS">
          <reporter-output>
          </reporter-output>
        </test-method> <!-- verifyAccountRagistration -->
        <test-method is-config="true" signature="teardown()[pri:0, instance:testCase.TC001_AccountRagistrationTest@12f9af83]" started-at="2025-01-16T18:32:07 IST" name="teardown" finished-at="2025-01-16T18:32:08 IST" duration-ms="925" status="PASS">
          <reporter-output>
          </reporter-output>
        </test-method> <!-- teardown -->
      </class> <!-- testCase.TC001_AccountRagistrationTest -->
    </test> <!-- chrometest -->
    <test started-at="2025-01-16T18:31:52 IST" name="firefoxtest" finished-at="2025-01-16T18:32:12 IST" duration-ms="20364">
      <class name="testCase.TC001_AccountRagistrationTest">
        <test-method is-config="true" signature="setUp(java.lang.String,java.lang.String)[pri:0, instance:testCase.TC001_AccountRagistrationTest@1afdd473]" started-at="2025-01-16T18:31:52 IST" name="setUp" finished-at="2025-01-16T18:32:07 IST" duration-ms="15683" status="PASS">
          <params>
            <param index="0">
              <value>
                <![CDATA[window]]>
              </value>
            </param>
            <param index="1">
              <value>
                <![CDATA[firefox]]>
              </value>
            </param>
          </params>
          <reporter-output>
          </reporter-output>
        </test-method> <!-- setUp -->
        <test-method signature="verifyAccountRagistration()[pri:0, instance:testCase.TC001_AccountRagistrationTest@1afdd473]" started-at="2025-01-16T18:32:07 IST" name="verifyAccountRagistration" finished-at="2025-01-16T18:32:10 IST" duration-ms="2658" status="PASS">
          <reporter-output>
          </reporter-output>
        </test-method> <!-- verifyAccountRagistration -->
        <test-method is-config="true" signature="teardown()[pri:0, instance:testCase.TC001_AccountRagistrationTest@1afdd473]" started-at="2025-01-16T18:32:10 IST" name="teardown" finished-at="2025-01-16T18:32:12 IST" duration-ms="1846" status="PASS">
          <reporter-output>
          </reporter-output>
        </test-method> <!-- teardown -->
      </class> <!-- testCase.TC001_AccountRagistrationTest -->
    </test> <!-- firefoxtest -->
  </suite> <!-- Suite -->
</testng-results>
